<?xml version="1.0" encoding="UTF-8"?>
<testsuite xmlns:xsi="http://www.w3.org/2001/XMLSchema-instance" xsi:schemaLocation="https://maven.apache.org/surefire/maven-surefire-plugin/xsd/surefire-test-report.xsd" name="TestRunner" time="57.083" tests="91" errors="0" skipped="0" failures="0">
  <properties>
    <property name="java.runtime.name" value="Java(TM) SE Runtime Environment"/>
    <property name="sun.boot.library.path" value="/Library/Java/JavaVirtualMachines/jdk1.8.0_131.jdk/Contents/Home/jre/lib"/>
    <property name="java.vm.version" value="25.131-b11"/>
    <property name="user.country.format" value="UA"/>
    <property name="gopherProxySet" value="false"/>
    <property name="java.vm.vendor" value="Oracle Corporation"/>
    <property name="maven.multiModuleProjectDirectory" value="/Users/blackgarnet/Documents/SofiaGit/CucumberPractice"/>
    <property name="java.vendor.url" value="http://java.oracle.com/"/>
    <property name="path.separator" value=":"/>
    <property name="guice.disable.misplaced.annotation.check" value="true"/>
    <property name="java.vm.name" value="Java HotSpot(TM) 64-Bit Server VM"/>
    <property name="file.encoding.pkg" value="sun.io"/>
    <property name="user.country" value="RU"/>
    <property name="sun.java.launcher" value="SUN_STANDARD"/>
    <property name="sun.os.patch.level" value="unknown"/>
    <property name="java.vm.specification.name" value="Java Virtual Machine Specification"/>
    <property name="user.dir" value="/Users/blackgarnet/Documents/SofiaGit/CucumberPractice"/>
    <property name="java.runtime.version" value="1.8.0_131-b11"/>
    <property name="java.awt.graphicsenv" value="sun.awt.CGraphicsEnvironment"/>
    <property name="java.endorsed.dirs" value="/Library/Java/JavaVirtualMachines/jdk1.8.0_131.jdk/Contents/Home/jre/lib/endorsed"/>
    <property name="os.arch" value="x86_64"/>
    <property name="java.io.tmpdir" value="/var/folders/f0/n9d6c9j5043f4r7y3lsswk0h0000gn/T/"/>
    <property name="line.separator" value="&#10;"/>
    <property name="java.vm.specification.vendor" value="Oracle Corporation"/>
    <property name="os.name" value="Mac OS X"/>
    <property name="maven.ext.class.path" value="/Applications/IntelliJ IDEA CE.app/Contents/plugins/maven/lib/maven-event-listener.jar"/>
    <property name="classworlds.conf" value="/Applications/IntelliJ IDEA CE.app/Contents/plugins/maven/lib/maven3/bin/m2.conf"/>
    <property name="sun.jnu.encoding" value="UTF-8"/>
    <property name="java.library.path" value="/Users/blackgarnet/Library/Java/Extensions:/Library/Java/Extensions:/Network/Library/Java/Extensions:/System/Library/Java/Extensions:/usr/lib/java:."/>
    <property name="maven.conf" value="/Applications/IntelliJ IDEA CE.app/Contents/plugins/maven/lib/maven3/conf"/>
    <property name="java.specification.name" value="Java Platform API Specification"/>
    <property name="java.class.version" value="52.0"/>
    <property name="sun.management.compiler" value="HotSpot 64-Bit Tiered Compilers"/>
    <property name="os.version" value="10.15.4"/>
    <property name="http.nonProxyHosts" value="local|*.local|169.254/16|*.169.254/16|https://accounts.google.com|*.https://accounts.google.com"/>
    <property name="user.home" value="/Users/blackgarnet"/>
    <property name="user.timezone" value="Europe/Kiev"/>
    <property name="java.awt.printerjob" value="sun.lwawt.macosx.CPrinterJob"/>
    <property name="java.specification.version" value="1.8"/>
    <property name="file.encoding" value="UTF-8"/>
    <property name="user.name" value="blackgarnet"/>
    <property name="java.class.path" value="/Applications/IntelliJ IDEA CE.app/Contents/plugins/maven/lib/maven3/boot/plexus-classworlds.license:/Applications/IntelliJ IDEA CE.app/Contents/plugins/maven/lib/maven3/boot/plexus-classworlds-2.6.0.jar:/Applications/IntelliJ IDEA CE.app/Contents/lib/idea_rt.jar"/>
    <property name="java.vm.specification.version" value="1.8"/>
    <property name="sun.arch.data.model" value="64"/>
    <property name="java.home" value="/Library/Java/JavaVirtualMachines/jdk1.8.0_131.jdk/Contents/Home/jre"/>
    <property name="sun.java.command" value="org.codehaus.classworlds.Launcher -Didea.version2020.1.3 install"/>
    <property name="java.specification.vendor" value="Oracle Corporation"/>
    <property name="user.language" value="ru"/>
    <property name="idea.version2020.1.3" value="true"/>
    <property name="awt.toolkit" value="sun.lwawt.macosx.LWCToolkit"/>
    <property name="java.vm.info" value="mixed mode"/>
    <property name="java.version" value="1.8.0_131"/>
    <property name="java.ext.dirs" value="/Users/blackgarnet/Library/Java/Extensions:/Library/Java/JavaVirtualMachines/jdk1.8.0_131.jdk/Contents/Home/jre/lib/ext:/Library/Java/Extensions:/Network/Library/Java/Extensions:/System/Library/Java/Extensions:/usr/lib/java"/>
    <property name="sun.boot.class.path" value="/Library/Java/JavaVirtualMachines/jdk1.8.0_131.jdk/Contents/Home/jre/lib/resources.jar:/Library/Java/JavaVirtualMachines/jdk1.8.0_131.jdk/Contents/Home/jre/lib/rt.jar:/Library/Java/JavaVirtualMachines/jdk1.8.0_131.jdk/Contents/Home/jre/lib/sunrsasign.jar:/Library/Java/JavaVirtualMachines/jdk1.8.0_131.jdk/Contents/Home/jre/lib/jsse.jar:/Library/Java/JavaVirtualMachines/jdk1.8.0_131.jdk/Contents/Home/jre/lib/jce.jar:/Library/Java/JavaVirtualMachines/jdk1.8.0_131.jdk/Contents/Home/jre/lib/charsets.jar:/Library/Java/JavaVirtualMachines/jdk1.8.0_131.jdk/Contents/Home/jre/lib/jfr.jar:/Library/Java/JavaVirtualMachines/jdk1.8.0_131.jdk/Contents/Home/jre/classes"/>
    <property name="java.vendor" value="Oracle Corporation"/>
    <property name="maven.home" value="/Applications/IntelliJ IDEA CE.app/Contents/plugins/maven/lib/maven3"/>
    <property name="file.separator" value="/"/>
    <property name="java.vendor.url.bug" value="http://bugreport.sun.com/bugreport/"/>
    <property name="sun.cpu.endian" value="little"/>
    <property name="sun.io.unicode.encoding" value="UnicodeBig"/>
    <property name="socksNonProxyHosts" value="local|*.local|169.254/16|*.169.254/16|https://accounts.google.com|*.https://accounts.google.com"/>
    <property name="ftp.nonProxyHosts" value="local|*.local|169.254/16|*.169.254/16|https://accounts.google.com|*.https://accounts.google.com"/>
    <property name="sun.cpu.isalist" value=""/>
  </properties>
  <testcase name="Given Registration page is open" classname="| random | random | Qwerty!123 | Qwerty!123 |" time="0.001"/>
  <testcase name="Given Registration page is open" classname="| random | random | Qwerty!123 | Qwerty!123 |" time="0"/>
  <testcase name="Given Registration page is open" classname="| random | random | Qwerty!123 | Qwerty!123 |" time="0"/>
  <testcase name="Given Registration page is open" classname="| random | random | Qwerty!123 | Qwerty!123 |" time="0.001"/>
  <testcase name="Given Registration page is open" classname="| random | random | Qwerty!123 | Qwerty!123 |" time="0"/>
  <testcase name="Given Registration page is open" classname="| random | random | Qwerty!123 | Qwerty!123 |" time="0"/>
  <testcase name="When I enter valid login &quot;random&quot;" classname="| random | random | Qwerty!123 | Qwerty!123 |" time="0"/>
  <testcase name="When I enter valid login &quot;random&quot;" classname="| random | random | Qwerty!123 | Qwerty!123 |" time="0"/>
  <testcase name="When I enter valid login &quot;random&quot;" classname="| random | random | Qwerty!123 | Qwerty!123 |" time="0"/>
  <testcase name="When I enter valid login &quot;random&quot;" classname="| random | random | Qwerty!123 | Qwerty!123 |" time="0"/>
  <testcase name="And I enter valid password &quot;Qwerty!123&quot;" classname="| random | random | Qwerty!123 | Qwerty!123 |" time="0"/>
  <testcase name="And I enter valid password &quot;Qwerty!123&quot;" classname="| random | random | Qwerty!123 | Qwerty!123 |" time="0"/>
  <testcase name="And I enter valid password &quot;Qwerty!123&quot;" classname="| random | random | Qwerty!123 | Qwerty!123 |" time="0"/>
  <testcase name="And I enter valid password &quot;Qwerty!123&quot;" classname="| random | random | Qwerty!123 | Qwerty!123 |" time="0"/>
  <testcase name="And I enter valid password &quot;Qwerty!123&quot;" classname="| random | random | Qwerty!123 | Qwerty!123 |" time="0"/>
  <testcase name="And I enter valid password &quot;Qwerty!123&quot;" classname="| random | random | Qwerty!123 | Qwerty!123 |" time="0"/>
  <testcase name="And I enter valid confirm password &quot;Qwerty!123&quot;" classname="| random | random | Qwerty!123 | Qwerty!123 |" time="0.001"/>
  <testcase name="And I enter valid confirm password &quot;Qwerty!123&quot;" classname="| random | random | Qwerty!123 | Qwerty!123 |" time="0"/>
  <testcase name="And I enter valid confirm password &quot;Qwerty!123&quot;" classname="| random | random | Qwerty!123 | Qwerty!123 |" time="0.001"/>
  <testcase name="And I enter valid confirm password &quot;Qwerty!123&quot;" classname="| random | random | Qwerty!123 | Qwerty!123 |" time="0"/>
  <testcase name="And I enter valid confirm password &quot;Qwerty!123&quot;" classname="| random | random | Qwerty!123 | Qwerty!123 |" time="0"/>
  <testcase name="And I enter valid confirm password &quot;Qwerty!123&quot;" classname="| random | random | Qwerty!123 | Qwerty!123 |" time="0"/>
  <testcase name="And I enter valid email &quot;random&quot;" classname="| random | random | Qwerty!123 | Qwerty!123 |" time="0"/>
  <testcase name="And I enter valid email &quot;random&quot;" classname="| random | random | Qwerty!123 | Qwerty!123 |" time="0"/>
  <testcase name="And I enter valid email &quot;random&quot;" classname="| random | random | Qwerty!123 | Qwerty!123 |" time="0"/>
  <testcase name="And I enter valid email &quot;random&quot;" classname="| random | random | Qwerty!123 | Qwerty!123 |" time="0"/>
  <testcase name="And I press submit button" classname="| random | random | Qwerty!123 | Qwerty!123 |" time="0"/>
  <testcase name="And I press submit button" classname="| random | random | Qwerty!123 | Qwerty!123 |" time="0"/>
  <testcase name="And I press submit button" classname="| random | random | Qwerty!123 | Qwerty!123 |" time="0"/>
  <testcase name="And I press submit button" classname="| random | random | Qwerty!123 | Qwerty!123 |" time="0"/>
  <testcase name="And I press submit button" classname="| random | random | Qwerty!123 | Qwerty!123 |" time="0"/>
  <testcase name="And I press submit button" classname="| random | random | Qwerty!123 | Qwerty!123 |" time="0"/>
  <testcase name="And I enter valid auth email" classname="| random | random | Qwerty!123 | Qwerty!123 |" time="0"/>
  <testcase name="And I enter valid auth password" classname="| random | random | Qwerty!123 | Qwerty!123 |" time="0"/>
  <testcase name="And I press submit sign in button" classname="| random | random | Qwerty!123 | Qwerty!123 |" time="0"/>
  <testcase name="And I press alert button" classname="| random | random | Qwerty!123 | Qwerty!123 |" time="0"/>
  <testcase name="| random | random | Qwerty!123 | Qwerty!123 |" classname="| random | random | Qwerty!123 | Qwerty!123 |" time="0.087"/>
  <testcase name="| random | random | Qwerty!123 | Qwerty!123 |" classname="| random | random | Qwerty!123 | Qwerty!123 |" time="0.081"/>
  <testcase name="| random | random | Qwerty!123 | Qwerty!123 |" classname="| random | random | Qwerty!123 | Qwerty!123 |" time="0.078"/>
  <testcase name="| random | random | Qwerty!123 | Qwerty!123 |" classname="| random | random | Qwerty!123 | Qwerty!123 |" time="0.077"/>
  <testcase name="| random | random | Qwerty!123 | Qwerty!123 |" classname="| random | random | Qwerty!123 | Qwerty!123 |" time="0.08"/>
  <testcase name="| random | random | Qwerty!123 | Qwerty!123 |" classname="| random | random | Qwerty!123 | Qwerty!123 |" time="0.083"/>
  <testcase name="Then I enter the main platform page" classname="| random | random | Qwerty!123 | Qwerty!123 |" time="0"/>
  <testcase name="When I enter invalid min login &quot;random&quot;" classname="| random | random | Qwerty!123 | Qwerty!123 |" time="0"/>
  <testcase name="Then I stay on the same page" classname="| random | random | Qwerty!123 | Qwerty!123 |" time="0"/>
  <testcase name="Then I stay on the same page" classname="| random | random | Qwerty!123 | Qwerty!123 |" time="0"/>
  <testcase name="Then I stay on the same page" classname="| random | random | Qwerty!123 | Qwerty!123 |" time="0"/>
  <testcase name="Then I stay on the same page" classname="| random | random | Qwerty!123 | Qwerty!123 |" time="0"/>
  <testcase name="When I enter invalid max login &quot;random&quot;" classname="| random | random | Qwerty!123 | Qwerty!123 |" time="0"/>
  <testcase name="Given Registration page is open" classname="|  |  |  |  |" time="0"/>
  <testcase name="When I enter empty login &quot;&quot;" classname="|  |  |  |  |" time="0"/>
  <testcase name="And I enter password &quot;&quot;" classname="|  |  |  |  |" time="0"/>
  <testcase name="And I enter confirm password &quot;&quot;" classname="|  |  |  |  |" time="0"/>
  <testcase name="And I enter email &quot;&quot;" classname="|  |  |  |  |" time="0"/>
  <testcase name="And I press submit button" classname="|  |  |  |  |" time="0"/>
  <testcase name="Then I stay on the same page" classname="|  |  |  |  |" time="0"/>
  <testcase name="|  |  |  |  |" classname="|  |  |  |  |" time="0.083"/>
  <testcase name="Given Registration page is open" classname="|  | random | Qwerty!123 | Qwerty!123 |" time="0"/>
  <testcase name="When I enter empty login &quot;&quot;" classname="|  | random | Qwerty!123 | Qwerty!123 |" time="0"/>
  <testcase name="And I enter password &quot;Qwerty!123&quot;" classname="|  | random | Qwerty!123 | Qwerty!123 |" time="0"/>
  <testcase name="And I enter confirm password &quot;Qwerty!123&quot;" classname="|  | random | Qwerty!123 | Qwerty!123 |" time="0"/>
  <testcase name="And I enter email &quot;random&quot;" classname="|  | random | Qwerty!123 | Qwerty!123 |" time="0"/>
  <testcase name="And I press submit button" classname="|  | random | Qwerty!123 | Qwerty!123 |" time="0"/>
  <testcase name="Then I stay on the same page" classname="|  | random | Qwerty!123 | Qwerty!123 |" time="0"/>
  <testcase name="|  | random | Qwerty!123 | Qwerty!123 |" classname="|  | random | Qwerty!123 | Qwerty!123 |" time="0.09"/>
  <testcase name="Given Registration page is open" classname="| random |  | Qwerty!123 | Qwerty!123 |" time="0"/>
  <testcase name="When I enter empty login &quot;random&quot;" classname="| random |  | Qwerty!123 | Qwerty!123 |" time="0"/>
  <testcase name="And I enter password &quot;Qwerty!123&quot;" classname="| random |  | Qwerty!123 | Qwerty!123 |" time="0"/>
  <testcase name="And I enter confirm password &quot;Qwerty!123&quot;" classname="| random |  | Qwerty!123 | Qwerty!123 |" time="0"/>
  <testcase name="And I enter email &quot;&quot;" classname="| random |  | Qwerty!123 | Qwerty!123 |" time="0"/>
  <testcase name="And I press submit button" classname="| random |  | Qwerty!123 | Qwerty!123 |" time="0"/>
  <testcase name="Then I stay on the same page" classname="| random |  | Qwerty!123 | Qwerty!123 |" time="0"/>
  <testcase name="| random |  | Qwerty!123 | Qwerty!123 |" classname="| random |  | Qwerty!123 | Qwerty!123 |" time="0.081"/>
  <testcase name="Given Registration page is open" classname="| random | random |  | Qwerty!123 |" time="0"/>
  <testcase name="When I enter empty login &quot;random&quot;" classname="| random | random |  | Qwerty!123 |" time="0"/>
  <testcase name="And I enter password &quot;&quot;" classname="| random | random |  | Qwerty!123 |" time="0"/>
  <testcase name="And I enter confirm password &quot;Qwerty!123&quot;" classname="| random | random |  | Qwerty!123 |" time="0"/>
  <testcase name="And I enter email &quot;random&quot;" classname="| random | random |  | Qwerty!123 |" time="0"/>
  <testcase name="And I press submit button" classname="| random | random |  | Qwerty!123 |" time="0"/>
  <testcase name="Then I stay on the same page" classname="| random | random |  | Qwerty!123 |" time="0"/>
  <testcase name="| random | random |  | Qwerty!123 |" classname="| random | random |  | Qwerty!123 |" time="0.086"/>
  <testcase name="Given Registration page is open" classname="| random | random | Qwerty!123 |  |" time="0"/>
  <testcase name="When I enter empty login &quot;random&quot;" classname="| random | random | Qwerty!123 |  |" time="0"/>
  <testcase name="And I enter password &quot;Qwerty!123&quot;" classname="| random | random | Qwerty!123 |  |" time="0"/>
  <testcase name="And I enter confirm password &quot;&quot;" classname="| random | random | Qwerty!123 |  |" time="0"/>
  <testcase name="And I enter email &quot;random&quot;" classname="| random | random | Qwerty!123 |  |" time="0"/>
  <testcase name="And I press submit button" classname="| random | random | Qwerty!123 |  |" time="0"/>
  <testcase name="Then I stay on the same page" classname="| random | random | Qwerty!123 |  |" time="0"/>
  <testcase name="| random | random | Qwerty!123 |  |" classname="| random | random | Qwerty!123 |  |" time="0.085"/>
  <testcase name="And I enter invalid min email &quot;random&quot;" classname="| random | random | Qwerty!123 | Qwerty!123 |" time="0"/>
  <testcase name="And I enter invalid max email &quot;random&quot;" classname="| random | random | Qwerty!123 | Qwerty!123 |" time="0"/>
</testsuite>